<?xml version="1.0" encoding="UTF-8"?>
<testsuite name="com.amp.common.api.test.api.ToolkitDataProviderTest" tests="1" skipped="1" failures="0" errors="0" timestamp="2020-07-20T17:56:07" hostname="CAW1PF16H7PB" time="0.0">
  <properties/>
  <testcase name="validateToolkitDataProvider" classname="com.amp.common.api.test.api.ToolkitDataProviderTest" time="0.0">
    <skipped/>
  </testcase>
  <system-out><![CDATA[2020-07-20 13:56:07,058 DEBUG [Test worker] [org.springframework.test.context.junit4.SpringJUnit4ClassRunner] - SpringJUnit4ClassRunner constructor called with [class com.amp.common.api.test.api.ToolkitDataProviderTest]
s2020-07-20 13:56:07,072 DEBUG [Test worker] [org.springframework.test.context.BootstrapUtils] - Instantiating CacheAwareContextLoaderDelegate from class [org.springframework.test.context.cache.DefaultCacheAwareContextLoaderDelegate]
s2020-07-20 13:56:07,084 DEBUG [Test worker] [org.springframework.test.context.BootstrapUtils] - Instantiating BootstrapContext using constructor [public org.springframework.test.context.support.DefaultBootstrapContext(java.lang.Class,org.springframework.test.context.CacheAwareContextLoaderDelegate)]
s2020-07-20 13:56:07,173 DEBUG [Test worker] [org.springframework.test.context.BootstrapUtils] - Instantiating TestContextBootstrapper for test class [com.amp.common.api.test.api.ToolkitDataProviderTest] from class [org.springframework.test.context.web.WebTestContextBootstrapper]
s2020-07-20 13:56:07,233 DEBUG [Test worker] [org.springframework.test.context.support.AbstractDelegatingSmartContextLoader] - Delegating to AnnotationConfigWebContextLoader to process context configuration [ContextConfigurationAttributes@7c7506e8 declaringClass = 'com.amp.common.api.test.api.ToolkitDataProviderTest', classes = '{class com.amp.common.api.config.spring.PersistenceBeansConfig, class com.amp.common.api.test.config.ToolkitBeansConfig}', locations = '{}', inheritLocations = true, initializers = '{}', inheritInitializers = true, name = [null], contextLoaderClass = 'org.springframework.test.context.ContextLoader'].
s2020-07-20 13:56:07,281 DEBUG [Test worker] [org.springframework.test.context.support.ActiveProfilesUtils] - Could not find an 'annotation declaring class' for annotation type [org.springframework.test.context.ActiveProfiles] and class [com.amp.common.api.test.api.ToolkitDataProviderTest]
s2020-07-20 13:56:07,283 DEBUG [Test worker] [org.springframework.test.context.web.WebTestContextBootstrapper] - @TestExecutionListeners is not present for class [com.amp.common.api.test.api.ToolkitDataProviderTest]: using defaults.
s2020-07-20 13:56:07,285 INFO [Test worker] [org.springframework.test.context.web.WebTestContextBootstrapper] - Loaded default TestExecutionListener class names from location [META-INF/spring.factories]: [org.springframework.test.context.web.ServletTestExecutionListener, org.springframework.test.context.support.DirtiesContextBeforeModesTestExecutionListener, org.springframework.test.context.support.DependencyInjectionTestExecutionListener, org.springframework.test.context.support.DirtiesContextTestExecutionListener, org.springframework.test.context.transaction.TransactionalTestExecutionListener, org.springframework.test.context.jdbc.SqlScriptsTestExecutionListener, org.springframework.test.context.event.EventPublishingTestExecutionListener]
s2020-07-20 13:56:07,326 INFO [Test worker] [org.springframework.test.context.web.WebTestContextBootstrapper] - Using TestExecutionListeners: [org.springframework.test.context.web.ServletTestExecutionListener@5a17b590, org.springframework.test.context.support.DirtiesContextBeforeModesTestExecutionListener@7bed3d7f, org.springframework.test.context.support.DependencyInjectionTestExecutionListener@5b999ebd, org.springframework.test.context.support.DirtiesContextTestExecutionListener@218755fe, org.springframework.test.context.transaction.TransactionalTestExecutionListener@46dbdf6b, org.springframework.test.context.jdbc.SqlScriptsTestExecutionListener@544f040a, org.springframework.test.context.event.EventPublishingTestExecutionListener@43b41448]
s2020-07-20 13:56:07,330 DEBUG [Test worker] [org.springframework.test.annotation.ProfileValueUtils] - Retrieved @ProfileValueSourceConfiguration [null] for test class [com.amp.common.api.test.api.ToolkitDataProviderTest]
s2020-07-20 13:56:07,331 DEBUG [Test worker] [org.springframework.test.annotation.ProfileValueUtils] - Retrieved ProfileValueSource type [class org.springframework.test.annotation.SystemProfileValueSource] for class [com.amp.common.api.test.api.ToolkitDataProviderTest]
s2020-07-20 13:56:07,332 DEBUG [Test worker] [org.springframework.test.annotation.ProfileValueUtils] - Retrieved @ProfileValueSourceConfiguration [null] for test class [com.amp.common.api.test.api.ToolkitDataProviderTest]
s2020-07-20 13:56:07,332 DEBUG [Test worker] [org.springframework.test.annotation.ProfileValueUtils] - Retrieved ProfileValueSource type [class org.springframework.test.annotation.SystemProfileValueSource] for class [com.amp.common.api.test.api.ToolkitDataProviderTest]
s]]></system-out>
  <system-err><![CDATA[]]></system-err>
</testsuite>
